<?xml version="1.0" encoding="UTF-8"?>
<testng-results total="2" passed="2" failed="0" skipped="0">
  <reporter-output>
  </reporter-output>
  <suite started-at="2022-03-16T11:02:35Z" name="Default suite" finished-at="2022-03-16T11:02:48Z" duration-ms="12799">
    <groups>
    </groups>
    <test started-at="2022-03-16T11:02:35Z" name="Default test" finished-at="2022-03-16T11:02:48Z" duration-ms="12799">
      <class name="ecommerce.ecommerce">
        <test-method signature="Login()[pri:1, instance:ecommerce.ecommerce@9573584]" started-at="2022-03-16T16:32:35Z" name="Login" finished-at="2022-03-16T16:32:45Z" duration-ms="9762" status="PASS">
          <reporter-output>
          </reporter-output>
        </test-method> <!-- Login -->
        <test-method signature="getUser()[pri:2, instance:ecommerce.ecommerce@9573584]" started-at="2022-03-16T16:32:45Z" name="getUser" finished-at="2022-03-16T16:32:48Z" duration-ms="3007" status="PASS">
          <reporter-output>
          </reporter-output>
        </test-method> <!-- getUser -->
      </class> <!-- ecommerce.ecommerce -->
    </test> <!-- Default test -->
  </suite> <!-- Default suite -->
</testng-results>
